<?xml version="1.0" encoding="UTF-8"?>
<testsuite xmlns:xsi="http://www.w3.org/2001/XMLSchema-instance" xsi:noNamespaceSchemaLocation="https://maven.apache.org/surefire/maven-surefire-plugin/xsd/surefire-test-report-3.0.xsd" version="3.0" name="com.example.grades.StudentControllerTest" time="5.39" tests="3" errors="0" skipped="0" failures="0">
  <properties>
[...]
</properties>
  <testcase name="healthCheckShouldReturnUp" classname="com.example.grades.StudentControllerTest" time="1.427">
    <system-out><![CDATA[20:17:45 [main] INFO  org.springframework.test.context.support.AnnotationConfigContextLoaderUtils - Could not detect default configuration classes for test class [com.example.grades.StudentControllerTest]: StudentControllerTest does not declare any static, non-private, non-final, nested classes annotated with @Configuration.
20:17:45 [main] INFO  org.springframework.boot.test.context.SpringBootTestContextBootstrapper - Found @SpringBootConfiguration com.example.grades.GradesApplication for test class com.example.grades.StudentControllerTest

  .   ____          _            __ _ _
 /\\ / ___'_ __ _ _(_)_ __  __ _ \ \ \ \
( ( )\___ | '_ | '_| | '_ \/ _` | \ \ \ \
 \\/  ___)| |_)| | | | | || (_| |  ) ) ) )
  '  |____| .__|_| |_|_| |_\__, | / / / /
 =========|_|==============|___/=/_/_/_/
 :: Spring Boot ::                (v3.2.0)

20:17:45 [main] INFO  com.example.grades.StudentControllerTest - Starting StudentControllerTest using Java 17.0.19 with PID 13364 (started by mtbal in C:\Users\mtbal\OneDrive\Desktop\student-grade-api)
20:17:45 [main] INFO  com.example.grades.StudentControllerTest - No active profile set, falling back to 1 default profile: "default"
20:17:48 [main] INFO  org.springframework.boot.test.mock.web.SpringBootMockServletContext - Initializing Spring TestDispatcherServlet ''
20:17:48 [main] INFO  org.springframework.test.web.servlet.TestDispatcherServlet - Initializing Servlet ''
20:17:48 [main] INFO  org.springframework.test.web.servlet.TestDispatcherServlet - Completed initialization in 2 ms
20:17:48 [main] INFO  com.example.grades.StudentControllerTest - Started StudentControllerTest in 2.71 seconds (process running for 4.529)
20:17:49 [main] INFO  com.example.grades.StudentController - Health check called
]]></system-out>
  </testcase>
  <testcase name="shouldReturnAllStudents" classname="com.example.grades.StudentControllerTest" time="0.062"/>
  <testcase name="shouldAddNewStudent" classname="com.example.grades.StudentControllerTest" time="0.069">
    <system-out><![CDATA[20:17:49 [main] INFO  com.example.grades.StudentController - Added student: id=3, name=Khalid
]]></system-out>
  </testcase>
</testsuite>